::1 - - [10/Sep/2019:20:22:00 -0300] "GET /site-exemplo/admin HTTP/1.1" 301 249
::1 - - [10/Sep/2019:20:22:00 -0300] "GET /site-exemplo/admin/ HTTP/1.1" 302 148
::1 - - [10/Sep/2019:20:22:01 -0300] "GET /site-exemplo/admin/login.php?erro=Usu%C3%A1rio%20n%C3%A3o%20autorizado! HTTP/1.1" 200 2745
::1 - - [10/Sep/2019:20:22:01 -0300] "GET /site-exemplo/admin/css/signin.css HTTP/1.1" 200 767
::1 - - [10/Sep/2019:20:22:01 -0300] "GET /site-exemplo/img/logo.png HTTP/1.1" 200 69272
::1 - - [10/Sep/2019:20:22:02 -0300] "GET /favicon.ico HTTP/1.1" 404 209
::1 - - [10/Sep/2019:20:22:07 -0300] "POST /site-exemplo/admin/login_action.php HTTP/1.1" 302 494
::1 - - [10/Sep/2019:20:22:08 -0300] "GET /site-exemplo/admin/index.php HTTP/1.1" 200 11433
::1 - - [10/Sep/2019:20:22:08 -0300] "GET /assets/js/vendor/popper.min.js HTTP/1.1" 404 228
::1 - - [10/Sep/2019:20:22:08 -0300] "GET /dist/js/bootstrap.min.js HTTP/1.1" 404 222
::1 - - [10/Sep/2019:20:22:08 -0300] "GET /site-exemplo/admin/css/dashboard.css HTTP/1.1" 200 1629
::1 - - [10/Sep/2019:20:22:08 -0300] "GET /assets/js/vendor/popper.min.js HTTP/1.1" 404 228
::1 - - [10/Sep/2019:20:22:08 -0300] "GET /dist/js/bootstrap.min.js HTTP/1.1" 404 222
::1 - - [10/Sep/2019:20:22:13 -0300] "GET /site-exemplo/admin/portfolio_lista.php HTTP/1.1" 200 5550
::1 - - [10/Sep/2019:20:22:17 -0300] "GET /site-exemplo/admin/portfolio_form.php HTTP/1.1" 200 7824
::1 - - [10/Sep/2019:20:22:17 -0300] "GET /assets/js/vendor/popper.min.js HTTP/1.1" 404 228
::1 - - [10/Sep/2019:20:22:17 -0300] "GET /dist/js/bootstrap.min.js HTTP/1.1" 404 222
::1 - - [10/Sep/2019:20:24:00 -0300] "GET /site-exemplo/admin/portfolio_form.php HTTP/1.1" 200 8063
::1 - - [10/Sep/2019:20:24:00 -0300] "GET /assets/js/vendor/popper.min.js HTTP/1.1" 404 228
::1 - - [10/Sep/2019:20:24:00 -0300] "GET /dist/js/bootstrap.min.js HTTP/1.1" 404 222
::1 - - [10/Sep/2019:20:24:00 -0300] "GET /assets/js/vendor/popper.min.js HTTP/1.1" 404 228
::1 - - [10/Sep/2019:20:24:00 -0300] "GET /dist/js/bootstrap.min.js HTTP/1.1" 404 222
::1 - - [10/Sep/2019:20:51:10 -0300] "GET /site-exemplo/admin/portfolio_form.php HTTP/1.1" 200 8255
::1 - - [10/Sep/2019:20:51:10 -0300] "GET /assets/js/vendor/popper.min.js HTTP/1.1" 404 228
::1 - - [10/Sep/2019:20:51:10 -0300] "GET /dist/js/bootstrap.min.js HTTP/1.1" 404 222
::1 - - [10/Sep/2019:20:51:10 -0300] "GET /assets/js/vendor/popper.min.js HTTP/1.1" 404 228
::1 - - [10/Sep/2019:20:51:10 -0300] "GET /dist/js/bootstrap.min.js HTTP/1.1" 404 222
::1 - - [10/Sep/2019:20:58:57 -0300] "GET /site-exemplo/admin/portfolio_form.php HTTP/1.1" 200 8354
::1 - - [10/Sep/2019:20:58:58 -0300] "GET /assets/js/vendor/popper.min.js HTTP/1.1" 404 228
::1 - - [10/Sep/2019:20:58:58 -0300] "GET /dist/js/bootstrap.min.js HTTP/1.1" 404 222
::1 - - [10/Sep/2019:20:58:58 -0300] "GET /assets/js/vendor/popper.min.js HTTP/1.1" 404 228
::1 - - [10/Sep/2019:20:58:58 -0300] "GET /dist/js/bootstrap.min.js HTTP/1.1" 404 222
::1 - - [10/Sep/2019:20:59:03 -0300] "GET /site-exemplo/admin/portfolio_form.php HTTP/1.1" 200 8354
::1 - - [10/Sep/2019:20:59:26 -0300] "GET /site-exemplo/admin/portfolio_form.php HTTP/1.1" 200 8312
::1 - - [10/Sep/2019:21:00:20 -0300] "GET /site-exemplo/admin/portfolio_form.php HTTP/1.1" 200 8331
::1 - - [10/Sep/2019:21:00:27 -0300] "GET /site-exemplo/admin/portfolio_form.php HTTP/1.1" 200 8331
::1 - - [10/Sep/2019:21:00:27 -0300] "GET /assets/js/vendor/popper.min.js HTTP/1.1" 404 228
::1 - - [10/Sep/2019:21:00:27 -0300] "GET /dist/js/bootstrap.min.js HTTP/1.1" 404 222
::1 - - [10/Sep/2019:21:00:27 -0300] "GET /assets/js/vendor/popper.min.js HTTP/1.1" 404 228
::1 - - [10/Sep/2019:21:00:27 -0300] "GET /dist/js/bootstrap.min.js HTTP/1.1" 404 222
::1 - - [10/Sep/2019:21:01:06 -0300] "GET /site-exemplo/admin/portfolio_form.php HTTP/1.1" 200 8258
